build/app/intermediates/manifest_merge_blame_file/release/manifest-merger-blame-release-report.txt
1<?xml version="1.0" encoding="utf-8"?>
2<manifest xmlns:android="http://schemas.android.com/apk/res/android"
3    package="com.ms.mobilestock"
4    android:versionCode="3"
5    android:versionName="3.0.0" >
6
7    <uses-sdk
8        android:minSdkVersion="21"
8-->src/main/AndroidManifest.xml
9        android:targetSdkVersion="33" />
9-->src/main/AndroidManifest.xml
10
11    <uses-permission android:name="android.permission.INTERNET" />
11-->src/main/AndroidManifest.xml:2:5-67
11-->src/main/AndroidManifest.xml:2:22-64
12    <uses-permission android:name="android.permission.READ_EXTERNAL_STORAGE" />
12-->src/main/AndroidManifest.xml:3:5-79
12-->src/main/AndroidManifest.xml:3:22-77
13    <uses-permission android:name="android.permission.WRITE_EXTERNAL_STORAGE" />
13-->src/main/AndroidManifest.xml:4:5-80
13-->src/main/AndroidManifest.xml:4:22-78
14    <uses-permission android:name="android.permission.CAMERA" />
14-->[:flutter_barcode_scanner] AndroidManifest.xml:9:5-65
14-->[:flutter_barcode_scanner] AndroidManifest.xml:9:22-62
15
16    <uses-feature android:name="android.hardware.camera" />
16-->[:flutter_barcode_scanner] AndroidManifest.xml:11:5-60
16-->[:flutter_barcode_scanner] AndroidManifest.xml:11:19-57
17
18    <uses-permission android:name="android.permission.FLASHLIGHT" />
18-->[:flutter_barcode_scanner] AndroidManifest.xml:13:5-69
18-->[:flutter_barcode_scanner] AndroidManifest.xml:13:22-66
19
20    <permission
20-->[androidx.core:core:1.13.0] AndroidManifest.xml:22:5-24:47
21        android:name="com.ms.mobilestock.DYNAMIC_RECEIVER_NOT_EXPORTED_PERMISSION"
21-->[androidx.core:core:1.13.0] AndroidManifest.xml:23:9-81
22        android:protectionLevel="signature" />
22-->[androidx.core:core:1.13.0] AndroidManifest.xml:24:9-44
23
24    <uses-permission android:name="com.ms.mobilestock.DYNAMIC_RECEIVER_NOT_EXPORTED_PERMISSION" />
24-->[androidx.core:core:1.13.0] AndroidManifest.xml:26:5-97
24-->[androidx.core:core:1.13.0] AndroidManifest.xml:26:22-94
25
26    <application
27        android:name="android.app.Application"
27-->src/main/AndroidManifest.xml:8:9-42
28        android:appComponentFactory="androidx.core.app.CoreComponentFactory"
28-->[androidx.core:core:1.13.0] AndroidManifest.xml:28:18-86
29        android:icon="@mipmap/ic_launcher"
29-->src/main/AndroidManifest.xml:9:9-43
30        android:label="Cubehous"
30-->src/main/AndroidManifest.xml:7:9-33
31        android:largeHeap="true"
31-->[:flutter_barcode_scanner] AndroidManifest.xml:16:9-33
32        android:theme="@style/Theme.AppCompat.NoActionBar"
32-->[:flutter_barcode_scanner] AndroidManifest.xml:17:9-59
33        android:usesCleartextTraffic="true" >
33-->src/main/AndroidManifest.xml:10:9-44
34        <activity
34-->src/main/AndroidManifest.xml:12:9-32:20
35            android:name="com.ms.mobilestock.MainActivity"
35-->src/main/AndroidManifest.xml:13:13-41
36            android:configChanges="orientation|keyboardHidden|keyboard|screenSize|smallestScreenSize|locale|layoutDirection|fontScale|screenLayout|density|uiMode"
36-->src/main/AndroidManifest.xml:17:13-163
37            android:exported="true"
37-->src/main/AndroidManifest.xml:14:13-36
38            android:hardwareAccelerated="true"
38-->src/main/AndroidManifest.xml:18:13-47
39            android:launchMode="singleTop"
39-->src/main/AndroidManifest.xml:15:13-43
40            android:theme="@style/LaunchTheme"
40-->src/main/AndroidManifest.xml:16:13-47
41            android:windowSoftInputMode="adjustResize" >
41-->src/main/AndroidManifest.xml:19:13-55
42
43            <!--
44                 Specifies an Android theme to apply to this Activity as soon as
45                 the Android process has started. This theme is visible to the user
46                 while the Flutter UI initializes. After that, this theme continues
47                 to determine the Window background behind the Flutter UI.
48            -->
49            <meta-data
49-->src/main/AndroidManifest.xml:24:13-27:17
50                android:name="io.flutter.embedding.android.NormalTheme"
50-->src/main/AndroidManifest.xml:25:15-70
51                android:resource="@style/NormalTheme" />
51-->src/main/AndroidManifest.xml:26:15-52
52
53            <intent-filter>
53-->src/main/AndroidManifest.xml:28:13-31:29
54                <action android:name="android.intent.action.MAIN" />
54-->src/main/AndroidManifest.xml:29:17-68
54-->src/main/AndroidManifest.xml:29:25-66
55
56                <category android:name="android.intent.category.LAUNCHER" />
56-->src/main/AndroidManifest.xml:30:17-76
56-->src/main/AndroidManifest.xml:30:27-74
57            </intent-filter>
58        </activity>
59        <!--
60             Don't delete the meta-data below.
61             This is used by the Flutter tool to generate GeneratedPluginRegistrant.java
62        -->
63        <meta-data
63-->src/main/AndroidManifest.xml:35:9-37:33
64            android:name="flutterEmbedding"
64-->src/main/AndroidManifest.xml:36:13-44
65            android:value="2" />
65-->src/main/AndroidManifest.xml:37:13-30
66
67        <activity android:name="com.amolg.flutterbarcodescanner.BarcodeCaptureActivity" />
67-->[:flutter_barcode_scanner] AndroidManifest.xml:18:9-91
67-->[:flutter_barcode_scanner] AndroidManifest.xml:18:19-88
68
69        <provider
69-->[:image_picker_android] AndroidManifest.xml:10:9-18:20
70            android:name="io.flutter.plugins.imagepicker.ImagePickerFileProvider"
70-->[:image_picker_android] AndroidManifest.xml:11:13-82
71            android:authorities="com.ms.mobilestock.flutter.image_provider"
71-->[:image_picker_android] AndroidManifest.xml:12:13-74
72            android:exported="false"
72-->[:image_picker_android] AndroidManifest.xml:13:13-37
73            android:grantUriPermissions="true" >
73-->[:image_picker_android] AndroidManifest.xml:14:13-47
74            <meta-data
74-->[:image_picker_android] AndroidManifest.xml:15:13-17:75
75                android:name="android.support.FILE_PROVIDER_PATHS"
75-->[:image_picker_android] AndroidManifest.xml:16:17-67
76                android:resource="@xml/flutter_image_picker_file_paths" />
76-->[:image_picker_android] AndroidManifest.xml:17:17-72
77        </provider>
78
79        <activity
79-->[:url_launcher_android] AndroidManifest.xml:10:9-13:74
80            android:name="io.flutter.plugins.urllauncher.WebViewActivity"
80-->[:url_launcher_android] AndroidManifest.xml:11:13-74
81            android:exported="false"
81-->[:url_launcher_android] AndroidManifest.xml:12:13-37
82            android:theme="@android:style/Theme.NoTitleBar.Fullscreen" />
82-->[:url_launcher_android] AndroidManifest.xml:13:13-71
83
84        <provider
84-->[:printing] AndroidManifest.xml:10:9-18:20
85            android:name="net.nfet.flutter.printing.PrintFileProvider"
85-->[:printing] AndroidManifest.xml:11:13-71
86            android:authorities="com.ms.mobilestock.flutter.printing"
86-->[:printing] AndroidManifest.xml:12:13-68
87            android:exported="false"
87-->[:printing] AndroidManifest.xml:13:13-37
88            android:grantUriPermissions="true" >
88-->[:printing] AndroidManifest.xml:14:13-47
89            <meta-data
89-->[:image_picker_android] AndroidManifest.xml:15:13-17:75
90                android:name="android.support.FILE_PROVIDER_PATHS"
90-->[:image_picker_android] AndroidManifest.xml:16:17-67
91                android:resource="@xml/flutter_printing_file_paths" />
91-->[:image_picker_android] AndroidManifest.xml:17:17-72
92        </provider>
93        <provider
93-->[:open_file] AndroidManifest.xml:11:9-20:20
94            android:name="com.crazecoder.openfile.FileProvider"
94-->[:open_file] AndroidManifest.xml:12:13-64
95            android:authorities="com.ms.mobilestock.fileProvider.com.crazecoder.openfile"
95-->[:open_file] AndroidManifest.xml:13:13-88
96            android:exported="false"
96-->[:open_file] AndroidManifest.xml:14:13-37
97            android:grantUriPermissions="true" >
97-->[:open_file] AndroidManifest.xml:15:13-47
98            <meta-data
98-->[:image_picker_android] AndroidManifest.xml:15:13-17:75
99                android:name="android.support.FILE_PROVIDER_PATHS"
99-->[:image_picker_android] AndroidManifest.xml:16:17-67
100                android:resource="@xml/filepaths" />
100-->[:image_picker_android] AndroidManifest.xml:17:17-72
101        </provider>
102        <!--
103           Declares a provider which allows us to store files to share in
104           '.../caches/share_plus' and grant the receiving action access
105        -->
106        <provider
106-->[:share_plus] AndroidManifest.xml:15:9-23:20
107            android:name="dev.fluttercommunity.plus.share.ShareFileProvider"
107-->[:share_plus] AndroidManifest.xml:16:13-77
108            android:authorities="com.ms.mobilestock.flutter.share_provider"
108-->[:share_plus] AndroidManifest.xml:17:13-74
109            android:exported="false"
109-->[:share_plus] AndroidManifest.xml:18:13-37
110            android:grantUriPermissions="true" >
110-->[:share_plus] AndroidManifest.xml:19:13-47
111            <meta-data
111-->[:image_picker_android] AndroidManifest.xml:15:13-17:75
112                android:name="android.support.FILE_PROVIDER_PATHS"
112-->[:image_picker_android] AndroidManifest.xml:16:17-67
113                android:resource="@xml/flutter_share_file_paths" />
113-->[:image_picker_android] AndroidManifest.xml:17:17-72
114        </provider>
115        <!--
116           This manifest declared broadcast receiver allows us to use an explicit
117           Intent when creating a PendingItent to be informed of the user's choice
118        -->
119        <receiver
119-->[:share_plus] AndroidManifest.xml:28:9-34:20
120            android:name="dev.fluttercommunity.plus.share.SharePlusPendingIntent"
120-->[:share_plus] AndroidManifest.xml:29:13-82
121            android:exported="false" >
121-->[:share_plus] AndroidManifest.xml:30:13-37
122            <intent-filter>
122-->[:share_plus] AndroidManifest.xml:31:13-33:29
123                <action android:name="EXTRA_CHOSEN_COMPONENT" />
123-->[:share_plus] AndroidManifest.xml:32:17-65
123-->[:share_plus] AndroidManifest.xml:32:25-62
124            </intent-filter>
125        </receiver>
126
127        <activity android:name="de.mintware.barcode_scan.BarcodeScannerActivity" />
127-->[:barcode_scan2] AndroidManifest.xml:12:9-84
127-->[:barcode_scan2] AndroidManifest.xml:12:19-81
128
129        <uses-library
129-->[androidx.window:window:1.0.0-beta04] AndroidManifest.xml:25:9-27:40
130            android:name="androidx.window.extensions"
130-->[androidx.window:window:1.0.0-beta04] AndroidManifest.xml:26:13-54
131            android:required="false" />
131-->[androidx.window:window:1.0.0-beta04] AndroidManifest.xml:27:13-37
132        <uses-library
132-->[androidx.window:window:1.0.0-beta04] AndroidManifest.xml:28:9-30:40
133            android:name="androidx.window.sidecar"
133-->[androidx.window:window:1.0.0-beta04] AndroidManifest.xml:29:13-51
134            android:required="false" />
134-->[androidx.window:window:1.0.0-beta04] AndroidManifest.xml:30:13-37
135
136        <activity
136-->[com.google.android.gms:play-services-base:17.4.0] AndroidManifest.xml:23:9-26:75
137            android:name="com.google.android.gms.common.api.GoogleApiActivity"
137-->[com.google.android.gms:play-services-base:17.4.0] AndroidManifest.xml:24:13-79
138            android:exported="false"
138-->[com.google.android.gms:play-services-base:17.4.0] AndroidManifest.xml:25:13-37
139            android:theme="@android:style/Theme.Translucent.NoTitleBar" />
139-->[com.google.android.gms:play-services-base:17.4.0] AndroidManifest.xml:26:13-72
140
141        <meta-data
141-->[com.google.android.gms:play-services-basement:17.4.0] AndroidManifest.xml:23:9-25:69
142            android:name="com.google.android.gms.version"
142-->[com.google.android.gms:play-services-basement:17.4.0] AndroidManifest.xml:24:13-58
143            android:value="@integer/google_play_services_version" />
143-->[com.google.android.gms:play-services-basement:17.4.0] AndroidManifest.xml:25:13-66
144
145        <provider
145-->[androidx.emoji2:emoji2:1.2.0] AndroidManifest.xml:24:9-32:20
146            android:name="androidx.startup.InitializationProvider"
146-->[androidx.emoji2:emoji2:1.2.0] AndroidManifest.xml:25:13-67
147            android:authorities="com.ms.mobilestock.androidx-startup"
147-->[androidx.emoji2:emoji2:1.2.0] AndroidManifest.xml:26:13-68
148            android:exported="false" >
148-->[androidx.emoji2:emoji2:1.2.0] AndroidManifest.xml:27:13-37
149            <meta-data
149-->[androidx.emoji2:emoji2:1.2.0] AndroidManifest.xml:29:13-31:52
150                android:name="androidx.emoji2.text.EmojiCompatInitializer"
150-->[androidx.emoji2:emoji2:1.2.0] AndroidManifest.xml:30:17-75
151                android:value="androidx.startup" />
151-->[androidx.emoji2:emoji2:1.2.0] AndroidManifest.xml:31:17-49
152            <meta-data
152-->[androidx.lifecycle:lifecycle-process:2.6.2] AndroidManifest.xml:29:13-31:52
153                android:name="androidx.lifecycle.ProcessLifecycleInitializer"
153-->[androidx.lifecycle:lifecycle-process:2.6.2] AndroidManifest.xml:30:17-78
154                android:value="androidx.startup" />
154-->[androidx.lifecycle:lifecycle-process:2.6.2] AndroidManifest.xml:31:17-49
155            <meta-data
155-->[androidx.profileinstaller:profileinstaller:1.3.0] AndroidManifest.xml:29:13-31:52
156                android:name="androidx.profileinstaller.ProfileInstallerInitializer"
156-->[androidx.profileinstaller:profileinstaller:1.3.0] AndroidManifest.xml:30:17-85
157                android:value="androidx.startup" />
157-->[androidx.profileinstaller:profileinstaller:1.3.0] AndroidManifest.xml:31:17-49
158        </provider>
159
160        <receiver
160-->[androidx.profileinstaller:profileinstaller:1.3.0] AndroidManifest.xml:34:9-52:20
161            android:name="androidx.profileinstaller.ProfileInstallReceiver"
161-->[androidx.profileinstaller:profileinstaller:1.3.0] AndroidManifest.xml:35:13-76
162            android:directBootAware="false"
162-->[androidx.profileinstaller:profileinstaller:1.3.0] AndroidManifest.xml:36:13-44
163            android:enabled="true"
163-->[androidx.profileinstaller:profileinstaller:1.3.0] AndroidManifest.xml:37:13-35
164            android:exported="true"
164-->[androidx.profileinstaller:profileinstaller:1.3.0] AndroidManifest.xml:38:13-36
165            android:permission="android.permission.DUMP" >
165-->[androidx.profileinstaller:profileinstaller:1.3.0] AndroidManifest.xml:39:13-57
166            <intent-filter>
166-->[androidx.profileinstaller:profileinstaller:1.3.0] AndroidManifest.xml:40:13-42:29
167                <action android:name="androidx.profileinstaller.action.INSTALL_PROFILE" />
167-->[androidx.profileinstaller:profileinstaller:1.3.0] AndroidManifest.xml:41:17-91
167-->[androidx.profileinstaller:profileinstaller:1.3.0] AndroidManifest.xml:41:25-88
168            </intent-filter>
169            <intent-filter>
169-->[androidx.profileinstaller:profileinstaller:1.3.0] AndroidManifest.xml:43:13-45:29
170                <action android:name="androidx.profileinstaller.action.SKIP_FILE" />
170-->[androidx.profileinstaller:profileinstaller:1.3.0] AndroidManifest.xml:44:17-85
170-->[androidx.profileinstaller:profileinstaller:1.3.0] AndroidManifest.xml:44:25-82
171            </intent-filter>
172            <intent-filter>
172-->[androidx.profileinstaller:profileinstaller:1.3.0] AndroidManifest.xml:46:13-48:29
173                <action android:name="androidx.profileinstaller.action.SAVE_PROFILE" />
173-->[androidx.profileinstaller:profileinstaller:1.3.0] AndroidManifest.xml:47:17-88
173-->[androidx.profileinstaller:profileinstaller:1.3.0] AndroidManifest.xml:47:25-85
174            </intent-filter>
175            <intent-filter>
175-->[androidx.profileinstaller:profileinstaller:1.3.0] AndroidManifest.xml:49:13-51:29
176                <action android:name="androidx.profileinstaller.action.BENCHMARK_OPERATION" />
176-->[androidx.profileinstaller:profileinstaller:1.3.0] AndroidManifest.xml:50:17-95
176-->[androidx.profileinstaller:profileinstaller:1.3.0] AndroidManifest.xml:50:25-92
177            </intent-filter>
178        </receiver>
179    </application>
180
181</manifest>